<?xml version="1.0" encoding="UTF-8"?>
<testng-results ignored="0" total="2" passed="1" failed="1" skipped="0">
  <reporter-output>
    <line>
      <![CDATA[Test Environment: prod]]>
    </line>
    <line>
      <![CDATA[URL: https://www.amazon.com]]>
    </line>
    <line>
      <![CDATA[Go to https://www.amazon.com]]>
    </line>
    <line>
      <![CDATA[Enter 'Tent' into the search input field]]>
    </line>
    <line>
      <![CDATA[Attempt to select non-existent 'Camping' category from the dropdown. THIS WILL CAUSE TEST TO FAIL]]>
    </line>
    <line>
      <![CDATA[Go to https://www.amazon.com]]>
    </line>
    <line>
      <![CDATA[Enter 'Magnifying Glass' into the search input field]]>
    </line>
    <line>
      <![CDATA[Select 'Industrial & Scientific' category from the dropdown]]>
    </line>
    <line>
      <![CDATA[Select search]]>
    </line>
    <line>
      <![CDATA[Verify search bar and category selected are still populated]]>
    </line>
    <line>
      <![CDATA[Select 'Free Shipping by Amazon' checkbox]]>
    </line>
    <line>
      <![CDATA[Verify all items listed for 'Magnifying Glass' are for prime delivery only]]>
    </line>
    <line>
      <![CDATA[Select a 'Magnifying Glass' to purchase]]>
    </line>
    <line>
      <![CDATA[Add QTY of '7' Magnifying Glass to cart]]>
    </line>
    <line>
      <![CDATA[Verify ‘Added to Cart’ displays]]>
    </line>
    <line>
      <![CDATA[Select ‘Cart’]]>
    </line>
    <line>
      <![CDATA[Verify correct quantity of items is in cart]]>
    </line>
    <line>
      <![CDATA[Select ‘Compare with similar items’]]>
    </line>
    <line>
      <![CDATA[Verify pop up box of similar items displays]]>
    </line>
    <line>
      <![CDATA[Close pop up box]]>
    </line>
    <line>
      <![CDATA[Verify pop up box of similar items is not displayed]]>
    </line>
  </reporter-output>
  <suite started-at="2022-01-27T14:03:57 PST" name="Test Regression" finished-at="2022-01-27T14:04:55 PST" duration-ms="58320">
    <groups>
      <group name="prod">
        <method signature="AmazonSearchTest.failingSearchTest()[pri:0, instance:com.justin.conway.tests.AmazonSearchTest@255b53dc]" name="failingSearchTest" class="com.justin.conway.tests.AmazonSearchTest"/>
        <method signature="AmazonSearchTest.searchForMagnifyingGlassTest()[pri:0, instance:com.justin.conway.tests.AmazonSearchTest@255b53dc]" name="searchForMagnifyingGlassTest" class="com.justin.conway.tests.AmazonSearchTest"/>
      </group> <!-- prod -->
    </groups>
    <test started-at="2022-01-27T14:03:57 PST" name="justin-conway-testing" finished-at="2022-01-27T14:04:55 PST" duration-ms="58320">
      <class name="com.justin.conway.tests.AmazonSearchTest">
        <test-method is-config="true" signature="getEnvironment()[pri:0, instance:com.justin.conway.tests.AmazonSearchTest@255b53dc]" started-at="2022-01-27T14:03:57 PST" name="getEnvironment" finished-at="2022-01-27T14:03:57 PST" duration-ms="5" status="PASS">
          <reporter-output>
            <line>
              <![CDATA[Test Environment: prod]]>
            </line>
            <line>
              <![CDATA[URL: https://www.amazon.com]]>
            </line>
          </reporter-output>
        </test-method> <!-- getEnvironment -->
        <test-method is-config="true" signature="setUp()[pri:0, instance:com.justin.conway.tests.AmazonSearchTest@255b53dc]" started-at="2022-01-27T14:03:57 PST" name="setUp" finished-at="2022-01-27T14:04:02 PST" duration-ms="5199" status="PASS">
          <reporter-output>
          </reporter-output>
        </test-method> <!-- setUp -->
        <test-method signature="failingSearchTest()[pri:0, instance:com.justin.conway.tests.AmazonSearchTest@255b53dc]" started-at="2022-01-27T14:04:02 PST" name="failingSearchTest" description="Test designed to fail due to attempting to select non-existent search category: &#039;Camping&#039;" finished-at="2022-01-27T14:04:21 PST" duration-ms="18525" status="FAIL">
          <exception class="org.openqa.selenium.NoSuchElementException">
            <message>
              <![CDATA[no such element: Unable to locate element: {"method":"xpath","selector":"//select[@id='searchDropdownBox']//option[text() = 'Camping']"}
  (Session info: chrome=97.0.4692.99)
For documentation on this error, please visit: https://selenium.dev/exceptions/#no_such_element
Build info: version: '4.1.1', revision: 'e8fcc2cecf'
System info: host: 'C02FF4EVMD6R', ip: 'fe80:0:0:0:2:e642:61ec:6453%en0', os.name: 'Mac OS X', os.arch: 'x86_64', os.version: '11.5', java.version: '16.0.1'
Driver info: org.openqa.selenium.chrome.ChromeDriver
Command: [2fed3a95631f4dc3924699129de243c5, findElement {using=xpath, value=//select[@id='searchDropdownBox']//option[text() = 'Camping']}]
Capabilities {acceptInsecureCerts: false, browserName: chrome, browserVersion: 97.0.4692.99, chrome: {chromedriverVersion: 97.0.4692.71 (adefa7837d02a..., userDataDir: /var/folders/by/3jwb0q6j6pd...}, goog:chromeOptions: {debuggerAddress: localhost:57121}, javascriptEnabled: true, networkConnectionEnabled: false, pageLoadStrategy: normal, platform: MAC, platformName: MAC, proxy: Proxy(), se:cdp: ws://localhost:57121/devtoo..., se:cdpVersion: 97.0.4692.99, setWindowRect: true, strictFileInteractability: false, timeouts: {implicit: 0, pageLoad: 300000, script: 30000}, unhandledPromptBehavior: dismiss and notify, webauthn:extension:credBlob: true, webauthn:extension:largeBlob: true, webauthn:virtualAuthenticators: true}
Session ID: 2fed3a95631f4dc3924699129de243c5]]>
            </message>
            <full-stacktrace>
              <![CDATA[org.openqa.selenium.NoSuchElementException: no such element: Unable to locate element: {"method":"xpath","selector":"//select[@id='searchDropdownBox']//option[text() = 'Camping']"}
  (Session info: chrome=97.0.4692.99)
For documentation on this error, please visit: https://selenium.dev/exceptions/#no_such_element
Build info: version: '4.1.1', revision: 'e8fcc2cecf'
System info: host: 'C02FF4EVMD6R', ip: 'fe80:0:0:0:2:e642:61ec:6453%en0', os.name: 'Mac OS X', os.arch: 'x86_64', os.version: '11.5', java.version: '16.0.1'
Driver info: org.openqa.selenium.chrome.ChromeDriver
Command: [2fed3a95631f4dc3924699129de243c5, findElement {using=xpath, value=//select[@id='searchDropdownBox']//option[text() = 'Camping']}]
Capabilities {acceptInsecureCerts: false, browserName: chrome, browserVersion: 97.0.4692.99, chrome: {chromedriverVersion: 97.0.4692.71 (adefa7837d02a..., userDataDir: /var/folders/by/3jwb0q6j6pd...}, goog:chromeOptions: {debuggerAddress: localhost:57121}, javascriptEnabled: true, networkConnectionEnabled: false, pageLoadStrategy: normal, platform: MAC, platformName: MAC, proxy: Proxy(), se:cdp: ws://localhost:57121/devtoo..., se:cdpVersion: 97.0.4692.99, setWindowRect: true, strictFileInteractability: false, timeouts: {implicit: 0, pageLoad: 300000, script: 30000}, unhandledPromptBehavior: dismiss and notify, webauthn:extension:credBlob: true, webauthn:extension:largeBlob: true, webauthn:virtualAuthenticators: true}
Session ID: 2fed3a95631f4dc3924699129de243c5
at java.base/jdk.internal.reflect.NativeConstructorAccessorImpl.newInstance0(Native Method)
at java.base/jdk.internal.reflect.NativeConstructorAccessorImpl.newInstance(NativeConstructorAccessorImpl.java:78)
at java.base/jdk.internal.reflect.DelegatingConstructorAccessorImpl.newInstance(DelegatingConstructorAccessorImpl.java:45)
at java.base/java.lang.reflect.Constructor.newInstanceWithCaller(Constructor.java:499)
at java.base/java.lang.reflect.Constructor.newInstance(Constructor.java:480)
at org.openqa.selenium.remote.codec.w3c.W3CHttpResponseCodec.createException(W3CHttpResponseCodec.java:200)
at org.openqa.selenium.remote.codec.w3c.W3CHttpResponseCodec.decode(W3CHttpResponseCodec.java:133)
at org.openqa.selenium.remote.codec.w3c.W3CHttpResponseCodec.decode(W3CHttpResponseCodec.java:53)
at org.openqa.selenium.remote.HttpCommandExecutor.execute(HttpCommandExecutor.java:184)
at org.openqa.selenium.remote.service.DriverCommandExecutor.invokeExecute(DriverCommandExecutor.java:167)
at org.openqa.selenium.remote.service.DriverCommandExecutor.execute(DriverCommandExecutor.java:142)
at org.openqa.selenium.remote.RemoteWebDriver.execute(RemoteWebDriver.java:543)
at org.openqa.selenium.remote.ElementLocation$ElementFinder$2.findElement(ElementLocation.java:162)
at org.openqa.selenium.remote.ElementLocation.findElement(ElementLocation.java:60)
at org.openqa.selenium.remote.RemoteWebDriver.findElement(RemoteWebDriver.java:367)
at org.openqa.selenium.remote.RemoteWebDriver.findElement(RemoteWebDriver.java:359)
at com.justin.conway.pages.AmazonMainPage.getSearchCategoryInput(AmazonMainPage.java:40)
at com.justin.conway.tests.AmazonSearchTest.failingSearchTest(AmazonSearchTest.java:151)
at java.base/jdk.internal.reflect.NativeMethodAccessorImpl.invoke0(Native Method)
at java.base/jdk.internal.reflect.NativeMethodAccessorImpl.invoke(NativeMethodAccessorImpl.java:78)
at java.base/jdk.internal.reflect.DelegatingMethodAccessorImpl.invoke(DelegatingMethodAccessorImpl.java:43)
at java.base/java.lang.reflect.Method.invoke(Method.java:567)
at org.testng.internal.invokers.MethodInvocationHelper.invokeMethod(MethodInvocationHelper.java:135)
at org.testng.internal.invokers.TestInvoker.invokeMethod(TestInvoker.java:673)
at org.testng.internal.invokers.TestInvoker.invokeTestMethod(TestInvoker.java:220)
at org.testng.internal.invokers.MethodRunner.runInSequence(MethodRunner.java:50)
at org.testng.internal.invokers.TestInvoker$MethodInvocationAgent.invoke(TestInvoker.java:945)
at org.testng.internal.invokers.TestInvoker.invokeTestMethods(TestInvoker.java:193)
at org.testng.internal.invokers.TestMethodWorker.invokeTestMethods(TestMethodWorker.java:146)
at org.testng.internal.invokers.TestMethodWorker.run(TestMethodWorker.java:128)
at java.base/java.util.ArrayList.forEach(ArrayList.java:1511)
at org.testng.TestRunner.privateRun(TestRunner.java:808)
at org.testng.TestRunner.run(TestRunner.java:603)
at org.testng.SuiteRunner.runTest(SuiteRunner.java:429)
at org.testng.SuiteRunner.runSequentially(SuiteRunner.java:423)
at org.testng.SuiteRunner.privateRun(SuiteRunner.java:383)
at org.testng.SuiteRunner.run(SuiteRunner.java:326)
at org.testng.SuiteRunnerWorker.runSuite(SuiteRunnerWorker.java:52)
at org.testng.SuiteRunnerWorker.run(SuiteRunnerWorker.java:95)
at org.testng.TestNG.runSuitesSequentially(TestNG.java:1249)
at org.testng.TestNG.runSuitesLocally(TestNG.java:1169)
at org.testng.TestNG.runSuites(TestNG.java:1092)
at org.testng.TestNG.run(TestNG.java:1060)
at org.apache.maven.surefire.testng.TestNGExecutor.run(TestNGExecutor.java:281)
at org.apache.maven.surefire.testng.TestNGXmlTestSuite.execute(TestNGXmlTestSuite.java:75)
at org.apache.maven.surefire.testng.TestNGProvider.invoke(TestNGProvider.java:121)
at org.apache.maven.surefire.booter.ForkedBooter.invokeProviderInSameClassLoader(ForkedBooter.java:290)
at org.apache.maven.surefire.booter.ForkedBooter.runSuitesInProcess(ForkedBooter.java:242)
at org.apache.maven.surefire.booter.ForkedBooter.main(ForkedBooter.java:121)
]]>
            </full-stacktrace>
          </exception> <!-- org.openqa.selenium.NoSuchElementException -->
          <reporter-output>
            <line>
              <![CDATA[Go to https://www.amazon.com]]>
            </line>
            <line>
              <![CDATA[Enter 'Tent' into the search input field]]>
            </line>
            <line>
              <![CDATA[Attempt to select non-existent 'Camping' category from the dropdown. THIS WILL CAUSE TEST TO FAIL]]>
            </line>
          </reporter-output>
        </test-method> <!-- failingSearchTest -->
        <test-method is-config="true" signature="tearDown()[pri:0, instance:com.justin.conway.tests.AmazonSearchTest@255b53dc]" started-at="2022-01-27T14:04:21 PST" name="tearDown" finished-at="2022-01-27T14:04:23 PST" duration-ms="2170" status="PASS">
          <reporter-output>
          </reporter-output>
        </test-method> <!-- tearDown -->
        <test-method is-config="true" signature="setUp()[pri:0, instance:com.justin.conway.tests.AmazonSearchTest@255b53dc]" started-at="2022-01-27T14:04:23 PST" name="setUp" finished-at="2022-01-27T14:04:27 PST" duration-ms="3885" status="PASS">
          <reporter-output>
          </reporter-output>
        </test-method> <!-- setUp -->
        <test-method signature="searchForMagnifyingGlassTest()[pri:0, instance:com.justin.conway.tests.AmazonSearchTest@255b53dc]" started-at="2022-01-27T14:04:27 PST" name="searchForMagnifyingGlassTest" description="Search for magnifying glass, add 7 to cart, and compare to similar items." finished-at="2022-01-27T14:04:53 PST" duration-ms="26240" status="PASS">
          <reporter-output>
            <line>
              <![CDATA[Go to https://www.amazon.com]]>
            </line>
            <line>
              <![CDATA[Enter 'Magnifying Glass' into the search input field]]>
            </line>
            <line>
              <![CDATA[Select 'Industrial & Scientific' category from the dropdown]]>
            </line>
            <line>
              <![CDATA[Select search]]>
            </line>
            <line>
              <![CDATA[Verify search bar and category selected are still populated]]>
            </line>
            <line>
              <![CDATA[Select 'Free Shipping by Amazon' checkbox]]>
            </line>
            <line>
              <![CDATA[Verify all items listed for 'Magnifying Glass' are for prime delivery only]]>
            </line>
            <line>
              <![CDATA[Select a 'Magnifying Glass' to purchase]]>
            </line>
            <line>
              <![CDATA[Add QTY of '7' Magnifying Glass to cart]]>
            </line>
            <line>
              <![CDATA[Verify ‘Added to Cart’ displays]]>
            </line>
            <line>
              <![CDATA[Select ‘Cart’]]>
            </line>
            <line>
              <![CDATA[Verify correct quantity of items is in cart]]>
            </line>
            <line>
              <![CDATA[Select ‘Compare with similar items’]]>
            </line>
            <line>
              <![CDATA[Verify pop up box of similar items displays]]>
            </line>
            <line>
              <![CDATA[Close pop up box]]>
            </line>
            <line>
              <![CDATA[Verify pop up box of similar items is not displayed]]>
            </line>
          </reporter-output>
        </test-method> <!-- searchForMagnifyingGlassTest -->
        <test-method is-config="true" signature="tearDown()[pri:0, instance:com.justin.conway.tests.AmazonSearchTest@255b53dc]" started-at="2022-01-27T14:04:53 PST" name="tearDown" finished-at="2022-01-27T14:04:55 PST" duration-ms="2266" status="PASS">
          <reporter-output>
          </reporter-output>
        </test-method> <!-- tearDown -->
      </class> <!-- com.justin.conway.tests.AmazonSearchTest -->
    </test> <!-- justin-conway-testing -->
  </suite> <!-- Test Regression -->
</testng-results>
